<?xml version="1.0" encoding="UTF-8"?>
<!-- Generated by org.testng.reporters.JUnitReportReporter -->
<testsuite name="testMethod.WindowsHandle" tests="1" time="5.449" ignored="0" failures="0" timestamp="09 Aug 2021 13:00:01 GMT" skipped="0" hostname="Khanjadas-MacBook-Pro.local" errors="0">
  <testcase name="frame" time="5.449" classname="testMethod.WindowsHandle"/>
</testsuite> <!-- testMethod.WindowsHandle -->
