<?xml version="1.0" encoding="UTF-8"?>
<!-- Generated by org.testng.reporters.JUnitReportReporter -->
<testsuite name="testMethod.DataProvider" tests="1" time="7.309" ignored="0" failures="0" timestamp="22 Aug 2021 16:19:38 GMT" skipped="0" hostname="Khanjadas-MBP.nyc.rr.com" errors="0">
  <testcase name="withParameterXml" time="7.309" classname="testMethod.DataProvider"/>
</testsuite> <!-- testMethod.DataProvider -->
