<?xml version="1.0" encoding="UTF-8"?>
<!-- Generated by org.testng.reporters.JUnitReportReporter -->
<testsuite name="testModel01.SignInTestCase" tests="3" time="10.189" ignored="0" failures="0" timestamp="14 Aug 2021 12:27:01 GMT" skipped="0" hostname="Khanjadas-MBP.nyc.rr.com" errors="0">
  <testcase name="SignUPpage_Appear" time="2.360" classname="testModel01.SignInTestCase"/>
  <testcase name="SignUPpage_Appear" time="3.924" classname="testModel01.SignInTestCase"/>
  <testcase name="SignUPpage_Appear" time="3.905" classname="testModel01.SignInTestCase"/>
</testsuite> <!-- testModel01.SignInTestCase -->
