<?xml version="1.0" encoding="UTF-8"?>
<!-- Generated by org.testng.reporters.JUnitReportReporter -->
<testsuite name="testMethod.DataProviderNoClass" tests="6" time="0.014" ignored="2" failures="0" timestamp="22 Aug 2021 18:11:24 GMT" skipped="4" hostname="Khanjadas-MBP.nyc.rr.com" errors="2">
  <testcase name="setup" time="0.000" classname="testMethod.DataProviderNoClass">
    <error type="java.lang.NullPointerException">
      <![CDATA[java.lang.NullPointerException
	at testMethod.DataProviderNoClass.setup(DataProviderNoClass.java:63)
	at sun.reflect.NativeMethodAccessorImpl.invoke0(Native Method)
	at sun.reflect.NativeMethodAccessorImpl.invoke(NativeMethodAccessorImpl.java:62)
	at sun.reflect.DelegatingMethodAccessorImpl.invoke(DelegatingMethodAccessorImpl.java:43)
	at java.lang.reflect.Method.invoke(Method.java:498)
	at org.testng.internal.MethodInvocationHelper.invokeMethod(MethodInvocationHelper.java:104)
	at org.testng.internal.Invoker.invokeConfigurationMethod(Invoker.java:515)
	at org.testng.internal.Invoker.invokeConfigurations(Invoker.java:217)
	at org.testng.internal.Invoker.invokeConfigurations(Invoker.java:144)
	at org.testng.TestRunner.beforeRun(TestRunner.java:634)
	at org.testng.TestRunner.run(TestRunner.java:602)
	at org.testng.SuiteRunner.runTest(SuiteRunner.java:387)
	at org.testng.SuiteRunner.runSequentially(SuiteRunner.java:382)
	at org.testng.SuiteRunner.privateRun(SuiteRunner.java:340)
	at org.testng.SuiteRunner.run(SuiteRunner.java:289)
	at org.testng.SuiteRunnerWorker.runSuite(SuiteRunnerWorker.java:52)
	at org.testng.SuiteRunnerWorker.run(SuiteRunnerWorker.java:86)
	at org.testng.TestNG.runSuitesSequentially(TestNG.java:1293)
	at org.testng.TestNG.runSuitesLocally(TestNG.java:1218)
	at org.testng.TestNG.runSuites(TestNG.java:1133)
	at org.testng.TestNG.run(TestNG.java:1104)
	at org.testng.remote.AbstractRemoteTestNG.run(AbstractRemoteTestNG.java:115)
	at org.testng.remote.RemoteTestNG.initAndRun(RemoteTestNG.java:251)
	at org.testng.remote.RemoteTestNG.main(RemoteTestNG.java:77)
]]>
    </error>
  </testcase> <!-- setup -->
  <testcase name="dataProvider3" time="0.001" classname="testMethod.DataProviderNoClass">
    <skipped/>
  </testcase> <!-- dataProvider3 -->
  <testcase name="setup" time="0.000" classname="testMethod.DataProviderNoClass">
    <error type="java.lang.NullPointerException">
      <![CDATA[java.lang.NullPointerException
	at testMethod.DataProviderNoClass.setup(DataProviderNoClass.java:63)
	at sun.reflect.NativeMethodAccessorImpl.invoke0(Native Method)
	at sun.reflect.NativeMethodAccessorImpl.invoke(NativeMethodAccessorImpl.java:62)
	at sun.reflect.DelegatingMethodAccessorImpl.invoke(DelegatingMethodAccessorImpl.java:43)
	at java.lang.reflect.Method.invoke(Method.java:498)
	at org.testng.internal.MethodInvocationHelper.invokeMethod(MethodInvocationHelper.java:104)
	at org.testng.internal.Invoker.invokeConfigurationMethod(Invoker.java:515)
	at org.testng.internal.Invoker.invokeConfigurations(Invoker.java:217)
	at org.testng.internal.Invoker.invokeConfigurations(Invoker.java:144)
	at org.testng.TestRunner.beforeRun(TestRunner.java:634)
	at org.testng.TestRunner.run(TestRunner.java:602)
	at org.testng.SuiteRunner.runTest(SuiteRunner.java:387)
	at org.testng.SuiteRunner.runSequentially(SuiteRunner.java:382)
	at org.testng.SuiteRunner.privateRun(SuiteRunner.java:340)
	at org.testng.SuiteRunner.run(SuiteRunner.java:289)
	at org.testng.SuiteRunnerWorker.runSuite(SuiteRunnerWorker.java:52)
	at org.testng.SuiteRunnerWorker.run(SuiteRunnerWorker.java:86)
	at org.testng.TestNG.runSuitesSequentially(TestNG.java:1293)
	at org.testng.TestNG.runSuitesLocally(TestNG.java:1218)
	at org.testng.TestNG.runSuites(TestNG.java:1133)
	at org.testng.TestNG.run(TestNG.java:1104)
	at org.testng.remote.AbstractRemoteTestNG.run(AbstractRemoteTestNG.java:115)
	at org.testng.remote.RemoteTestNG.initAndRun(RemoteTestNG.java:251)
	at org.testng.remote.RemoteTestNG.main(RemoteTestNG.java:77)
]]>
    </error>
  </testcase> <!-- setup -->
  <testcase name="dataProvider2" time="0.006" classname="testMethod.DataProviderNoClass">
    <skipped/>
  </testcase> <!-- dataProvider2 -->
  <testcase name="dataProvider2" time="0.000" classname="testMethod.DataProviderNoClass">
    <skipped/>
  </testcase> <!-- dataProvider2 -->
  <testcase name="dataProvider3" time="0.007" classname="testMethod.DataProviderNoClass">
    <skipped/>
  </testcase> <!-- dataProvider3 -->
  <testcase name="dataProvider3" classname="testMethod.DataProviderNoClass">
    <skipped/>
  </testcase> <!-- dataProvider3 -->
  <testcase name="dataProvider2" classname="testMethod.DataProviderNoClass">
    <skipped/>
  </testcase> <!-- dataProvider2 -->
</testsuite> <!-- testMethod.DataProviderNoClass -->
